mode: set
pokemontrainer/business/pokeballs/useCase.go:15.90,20.2 1 1
pokemontrainer/business/pokeballs/useCase.go:23.116,24.21 1 1
pokemontrainer/business/pokeballs/useCase.go:27.2,28.16 2 1
pokemontrainer/business/pokeballs/useCase.go:31.2,31.20 1 1
pokemontrainer/business/pokeballs/useCase.go:24.21,26.3 1 1
pokemontrainer/business/pokeballs/useCase.go:28.16,30.3 1 0
pokemontrainer/business/gyms/useCase.go:15.81,20.2 1 1
pokemontrainer/business/gyms/useCase.go:23.94,24.33 1 1
pokemontrainer/business/gyms/useCase.go:27.2,29.16 2 1
pokemontrainer/business/gyms/useCase.go:32.2,32.17 1 1
pokemontrainer/business/gyms/useCase.go:24.33,26.3 1 1
pokemontrainer/business/gyms/useCase.go:29.16,31.3 1 0
pokemontrainer/business/gyms/useCase.go:36.108,37.33 1 1
pokemontrainer/business/gyms/useCase.go:40.2,40.16 1 1
pokemontrainer/business/gyms/useCase.go:44.2,46.16 2 1
pokemontrainer/business/gyms/useCase.go:50.2,50.17 1 1
pokemontrainer/business/gyms/useCase.go:37.33,39.3 1 1
pokemontrainer/business/gyms/useCase.go:40.16,42.3 1 1
pokemontrainer/business/gyms/useCase.go:46.16,48.3 1 0
pokemontrainer/business/gyms/useCase.go:54.75,56.16 2 1
pokemontrainer/business/gyms/useCase.go:60.2,60.18 1 1
pokemontrainer/business/gyms/useCase.go:56.16,58.3 1 0
pokemontrainer/business/trainers/useCase.go:20.110,26.2 1 1
pokemontrainer/business/trainers/useCase.go:29.120,33.18 1 1
pokemontrainer/business/trainers/useCase.go:36.2,38.16 2 1
pokemontrainer/business/trainers/useCase.go:41.2,41.20 1 1
pokemontrainer/business/trainers/useCase.go:33.18,35.3 1 1
pokemontrainer/business/trainers/useCase.go:38.16,40.3 1 0
pokemontrainer/business/trainers/useCase.go:45.108,46.20 1 1
pokemontrainer/business/trainers/useCase.go:49.2,50.16 2 1
pokemontrainer/business/trainers/useCase.go:53.2,53.20 1 1
pokemontrainer/business/trainers/useCase.go:46.20,48.3 1 1
pokemontrainer/business/trainers/useCase.go:50.16,52.3 1 0
pokemontrainer/business/trainers/useCase.go:57.83,60.16 2 1
pokemontrainer/business/trainers/useCase.go:63.2,63.20 1 1
pokemontrainer/business/trainers/useCase.go:60.16,62.3 1 1
pokemontrainer/business/trainers/useCase.go:67.98,68.34 1 1
pokemontrainer/business/trainers/useCase.go:72.2,73.16 2 1
pokemontrainer/business/trainers/useCase.go:76.2,76.20 1 1
pokemontrainer/business/trainers/useCase.go:68.34,70.3 1 1
pokemontrainer/business/trainers/useCase.go:73.16,75.3 1 0
pokemontrainer/business/trainers/useCase.go:80.102,81.38 1 1
pokemontrainer/business/trainers/useCase.go:84.2,85.16 2 1
pokemontrainer/business/trainers/useCase.go:89.2,90.16 2 1
pokemontrainer/business/trainers/useCase.go:94.2,96.16 2 1
pokemontrainer/business/trainers/useCase.go:100.2,100.20 1 1
pokemontrainer/business/trainers/useCase.go:81.38,83.3 1 1
pokemontrainer/business/trainers/useCase.go:85.16,87.3 1 0
pokemontrainer/business/trainers/useCase.go:90.16,92.3 1 0
pokemontrainer/business/trainers/useCase.go:96.16,98.3 1 0
pokemontrainer/business/trainers/useCase.go:104.101,105.20 1 1
pokemontrainer/business/trainers/useCase.go:108.2,109.16 2 1
pokemontrainer/business/trainers/useCase.go:112.2,112.20 1 1
pokemontrainer/business/trainers/useCase.go:105.20,107.3 1 1
pokemontrainer/business/trainers/useCase.go:109.16,111.3 1 0
pokemontrainer/business/trainers/useCase.go:116.140,117.20 1 1
pokemontrainer/business/trainers/useCase.go:121.2,121.69 1 1
pokemontrainer/business/trainers/useCase.go:124.2,125.16 2 1
pokemontrainer/business/trainers/useCase.go:129.2,129.20 1 1
pokemontrainer/business/trainers/useCase.go:117.20,119.3 1 1
pokemontrainer/business/trainers/useCase.go:121.69,123.3 1 1
pokemontrainer/business/trainers/useCase.go:125.16,127.3 1 0
