mode: set
pokemontrainer/controllers/trainers/responses/json.go:33.57,44.2 1 0
pokemontrainer/controllers/trainers/responses/json.go:47.104,54.2 1 0
pokemontrainer/controllers/trainers/responses/json.go:57.67,59.28 2 0
pokemontrainer/controllers/trainers/responses/json.go:62.2,62.25 1 0
pokemontrainer/controllers/trainers/responses/json.go:59.28,61.3 1 0
pokemontrainer/helpers/databases/mysql.go:32.37,38.16 3 0
pokemontrainer/helpers/databases/mysql.go:41.2,43.11 2 0
pokemontrainer/helpers/databases/mysql.go:38.16,39.41 1 0
pokemontrainer/helpers/databases/mysql.go:47.27,49.16 2 0
pokemontrainer/helpers/databases/mysql.go:53.2,54.16 2 0
pokemontrainer/helpers/databases/mysql.go:59.2,60.16 2 0
pokemontrainer/helpers/databases/mysql.go:63.2,68.3 1 0
pokemontrainer/helpers/databases/mysql.go:49.16,51.13 1 0
pokemontrainer/helpers/databases/mysql.go:54.16,56.13 1 0
pokemontrainer/helpers/databases/mysql.go:60.16,61.13 1 0
pokemontrainer/app/main.go:24.26,28.16 3 0
pokemontrainer/app/main.go:28.16,29.13 1 0
pokemontrainer/app/main.go:34.13,78.16 21 0
pokemontrainer/app/main.go:78.16,79.13 1 0
pokemontrainer/business/pokeballs/mocks/UseCases.go:18.114,22.88 3 0
pokemontrainer/business/pokeballs/mocks/UseCases.go:28.2,29.77 2 0
pokemontrainer/business/pokeballs/mocks/UseCases.go:35.2,35.15 1 0
pokemontrainer/business/pokeballs/mocks/UseCases.go:22.88,24.3 1 0
pokemontrainer/business/pokeballs/mocks/UseCases.go:24.8,26.3 1 0
pokemontrainer/business/pokeballs/mocks/UseCases.go:29.77,31.3 1 0
pokemontrainer/business/pokeballs/mocks/UseCases.go:31.8,33.3 1 0
pokemontrainer/drivers/thirdParties/pokeapi/thirdParty.go:17.99,22.16 3 0
pokemontrainer/drivers/thirdParties/pokeapi/thirdParty.go:26.2,30.16 4 0
pokemontrainer/drivers/thirdParties/pokeapi/thirdParty.go:34.2,34.31 1 0
pokemontrainer/drivers/thirdParties/pokeapi/thirdParty.go:22.16,24.3 1 0
pokemontrainer/drivers/thirdParties/pokeapi/thirdParty.go:30.16,32.3 1 0
pokemontrainer/controllers/gyms/http.go:20.58,29.2 5 0
pokemontrainer/controllers/gyms/http.go:32.63,34.44 2 0
pokemontrainer/controllers/gyms/http.go:38.2,40.16 2 0
pokemontrainer/controllers/gyms/http.go:43.2,43.69 1 0
pokemontrainer/controllers/gyms/http.go:34.44,36.3 1 0
pokemontrainer/controllers/gyms/http.go:40.16,42.3 1 0
pokemontrainer/controllers/gyms/http.go:47.66,51.20 3 0
pokemontrainer/controllers/gyms/http.go:55.2,55.47 1 0
pokemontrainer/controllers/gyms/http.go:59.2,61.16 2 0
pokemontrainer/controllers/gyms/http.go:64.2,64.69 1 0
pokemontrainer/controllers/gyms/http.go:51.20,53.3 1 0
pokemontrainer/controllers/gyms/http.go:55.47,57.3 1 0
pokemontrainer/controllers/gyms/http.go:61.16,63.3 1 0
pokemontrainer/controllers/gyms/http.go:68.64,71.16 2 0
pokemontrainer/controllers/gyms/http.go:74.2,74.74 1 0
pokemontrainer/controllers/gyms/http.go:71.16,73.3 1 0
pokemontrainer/controllers/trainers/http.go:26.69,39.2 9 0
pokemontrainer/controllers/trainers/http.go:42.66,44.43 2 0
pokemontrainer/controllers/trainers/http.go:48.2,50.16 2 0
pokemontrainer/controllers/trainers/http.go:54.2,54.51 1 0
pokemontrainer/controllers/trainers/http.go:44.43,46.3 1 0
pokemontrainer/controllers/trainers/http.go:50.16,52.3 1 0
pokemontrainer/controllers/trainers/http.go:58.69,60.46 2 0
pokemontrainer/controllers/trainers/http.go:64.2,71.16 2 0
pokemontrainer/controllers/trainers/http.go:75.2,78.16 3 0
pokemontrainer/controllers/trainers/http.go:82.2,82.121 1 0
pokemontrainer/controllers/trainers/http.go:60.46,62.3 1 0
pokemontrainer/controllers/trainers/http.go:71.16,73.3 1 0
pokemontrainer/controllers/trainers/http.go:78.16,80.3 1 0
pokemontrainer/controllers/trainers/http.go:86.72,89.16 2 0
pokemontrainer/controllers/trainers/http.go:92.2,92.79 1 0
pokemontrainer/controllers/trainers/http.go:89.16,91.3 1 0
pokemontrainer/controllers/trainers/http.go:96.73,98.43 2 0
pokemontrainer/controllers/trainers/http.go:102.2,106.16 5 0
pokemontrainer/controllers/trainers/http.go:109.2,109.51 1 0
pokemontrainer/controllers/trainers/http.go:98.43,100.3 1 0
pokemontrainer/controllers/trainers/http.go:106.16,108.3 1 0
pokemontrainer/controllers/trainers/http.go:113.74,116.51 3 0
pokemontrainer/controllers/trainers/http.go:120.2,127.16 2 0
pokemontrainer/controllers/trainers/http.go:131.2,131.72 1 0
pokemontrainer/controllers/trainers/http.go:116.51,118.3 1 0
pokemontrainer/controllers/trainers/http.go:127.16,129.3 1 0
pokemontrainer/controllers/trainers/http.go:135.79,137.49 2 0
pokemontrainer/controllers/trainers/http.go:140.2,142.16 2 0
pokemontrainer/controllers/trainers/http.go:145.2,145.75 1 0
pokemontrainer/controllers/trainers/http.go:137.49,139.3 1 0
pokemontrainer/controllers/trainers/http.go:142.16,144.3 1 0
pokemontrainer/drivers/databases/gyms/record.go:21.41,30.2 1 0
pokemontrainer/drivers/databases/gyms/record.go:33.45,42.2 1 0
pokemontrainer/drivers/databases/gyms/record.go:45.50,47.29 2 0
pokemontrainer/drivers/databases/gyms/record.go:50.2,50.22 1 0
pokemontrainer/drivers/databases/gyms/record.go:47.29,49.3 1 0
pokemontrainer/drivers/databases/trainers/mysql.go:20.67,24.2 1 0
pokemontrainer/drivers/databases/trainers/mysql.go:27.134,35.25 3 0
pokemontrainer/drivers/databases/trainers/mysql.go:38.2,38.40 1 0
pokemontrainer/drivers/databases/trainers/mysql.go:35.25,37.3 1 0
pokemontrainer/drivers/databases/trainers/mysql.go:42.120,46.25 3 0
pokemontrainer/drivers/databases/trainers/mysql.go:49.2,56.25 3 0
pokemontrainer/drivers/databases/trainers/mysql.go:59.2,59.56 1 0
pokemontrainer/drivers/databases/trainers/mysql.go:46.25,48.3 1 0
pokemontrainer/drivers/databases/trainers/mysql.go:56.25,58.3 1 0
pokemontrainer/drivers/databases/trainers/mysql.go:63.97,68.25 3 0
pokemontrainer/drivers/databases/trainers/mysql.go:72.2,72.47 1 0
pokemontrainer/drivers/databases/trainers/mysql.go:68.25,70.3 1 0
pokemontrainer/drivers/databases/trainers/mysql.go:76.115,81.16 3 0
pokemontrainer/drivers/databases/trainers/mysql.go:85.2,93.31 5 0
pokemontrainer/drivers/databases/trainers/mysql.go:81.16,83.3 1 0
pokemontrainer/drivers/databases/trainers/mysql.go:97.105,103.25 3 0
pokemontrainer/drivers/databases/trainers/mysql.go:106.2,107.28 2 0
pokemontrainer/drivers/databases/trainers/mysql.go:103.25,105.3 1 0
pokemontrainer/drivers/databases/trainers/mysql.go:111.116,114.25 3 0
pokemontrainer/drivers/databases/trainers/mysql.go:117.2,117.37 1 0
pokemontrainer/drivers/databases/trainers/mysql.go:114.25,116.3 1 0
pokemontrainer/drivers/databases/trainers/mysql.go:121.154,130.25 3 0
pokemontrainer/drivers/databases/trainers/mysql.go:134.2,134.42 1 0
pokemontrainer/drivers/databases/trainers/mysql.go:130.25,132.3 1 0
pokemontrainer/business/gyms/mocks/UseCases.go:18.99,22.82 3 0
pokemontrainer/business/gyms/mocks/UseCases.go:28.2,29.76 2 0
pokemontrainer/business/gyms/mocks/UseCases.go:35.2,35.15 1 0
pokemontrainer/business/gyms/mocks/UseCases.go:22.82,24.3 1 0
pokemontrainer/business/gyms/mocks/UseCases.go:24.8,26.3 1 0
pokemontrainer/business/gyms/mocks/UseCases.go:29.76,31.3 1 0
pokemontrainer/business/gyms/mocks/UseCases.go:31.8,33.3 1 0
pokemontrainer/business/gyms/mocks/UseCases.go:39.73,43.68 3 0
pokemontrainer/business/gyms/mocks/UseCases.go:51.2,52.60 2 0
pokemontrainer/business/gyms/mocks/UseCases.go:58.2,58.15 1 0
pokemontrainer/business/gyms/mocks/UseCases.go:43.68,45.3 1 0
pokemontrainer/business/gyms/mocks/UseCases.go:45.8,46.24 1 0
pokemontrainer/business/gyms/mocks/UseCases.go:46.24,48.4 1 0
pokemontrainer/business/gyms/mocks/UseCases.go:52.60,54.3 1 0
pokemontrainer/business/gyms/mocks/UseCases.go:54.8,56.3 1 0
pokemontrainer/business/gyms/mocks/UseCases.go:62.113,66.87 3 0
pokemontrainer/business/gyms/mocks/UseCases.go:72.2,73.81 2 0
pokemontrainer/business/gyms/mocks/UseCases.go:79.2,79.15 1 0
pokemontrainer/business/gyms/mocks/UseCases.go:66.87,68.3 1 0
pokemontrainer/business/gyms/mocks/UseCases.go:68.8,70.3 1 0
pokemontrainer/business/gyms/mocks/UseCases.go:73.81,75.3 1 0
pokemontrainer/business/gyms/mocks/UseCases.go:75.8,77.3 1 0
pokemontrainer/controllers/base_controllers.go:20.66,27.2 5 0
pokemontrainer/controllers/base_controllers.go:30.68,37.2 5 0
pokemontrainer/drivers/databases/gyms/mysql.go:16.64,20.2 1 0
pokemontrainer/drivers/databases/gyms/mysql.go:23.104,29.25 3 0
pokemontrainer/drivers/databases/gyms/mysql.go:32.2,32.34 1 0
pokemontrainer/drivers/databases/gyms/mysql.go:29.25,31.3 1 0
pokemontrainer/drivers/databases/gyms/mysql.go:36.118,43.25 3 0
pokemontrainer/drivers/databases/gyms/mysql.go:46.2,46.37 1 0
pokemontrainer/drivers/databases/gyms/mysql.go:43.25,45.3 1 0
pokemontrainer/drivers/databases/gyms/mysql.go:50.85,53.25 3 0
pokemontrainer/drivers/databases/gyms/mysql.go:56.2,56.42 1 0
pokemontrainer/drivers/databases/gyms/mysql.go:53.25,55.3 1 0
pokemontrainer/drivers/databases/pokeballs/mysql.go:16.71,20.2 1 0
pokemontrainer/drivers/databases/pokeballs/mysql.go:23.131,30.25 3 0
pokemontrainer/drivers/databases/pokeballs/mysql.go:33.2,33.37 1 0
pokemontrainer/drivers/databases/pokeballs/mysql.go:30.25,32.3 1 0
pokemontrainer/drivers/databases/trainers/record.go:68.48,79.2 1 0
pokemontrainer/drivers/databases/trainers/record.go:81.51,92.2 1 0
pokemontrainer/drivers/databases/trainers/record.go:95.61,97.32 2 0
pokemontrainer/drivers/databases/trainers/record.go:100.2,100.29 1 0
pokemontrainer/drivers/databases/trainers/record.go:97.32,99.3 1 0
pokemontrainer/business/gyms/mocks/Repositories.go:18.103,22.82 3 0
pokemontrainer/business/gyms/mocks/Repositories.go:28.2,29.76 2 0
pokemontrainer/business/gyms/mocks/Repositories.go:35.2,35.15 1 0
pokemontrainer/business/gyms/mocks/Repositories.go:22.82,24.3 1 0
pokemontrainer/business/gyms/mocks/Repositories.go:24.8,26.3 1 0
pokemontrainer/business/gyms/mocks/Repositories.go:29.76,31.3 1 0
pokemontrainer/business/gyms/mocks/Repositories.go:31.8,33.3 1 0
pokemontrainer/business/gyms/mocks/Repositories.go:39.77,43.68 3 0
pokemontrainer/business/gyms/mocks/Repositories.go:51.2,52.60 2 0
pokemontrainer/business/gyms/mocks/Repositories.go:58.2,58.15 1 0
pokemontrainer/business/gyms/mocks/Repositories.go:43.68,45.3 1 0
pokemontrainer/business/gyms/mocks/Repositories.go:45.8,46.24 1 0
pokemontrainer/business/gyms/mocks/Repositories.go:46.24,48.4 1 0
pokemontrainer/business/gyms/mocks/Repositories.go:52.60,54.3 1 0
pokemontrainer/business/gyms/mocks/Repositories.go:54.8,56.3 1 0
pokemontrainer/business/gyms/mocks/Repositories.go:62.117,66.87 3 0
pokemontrainer/business/gyms/mocks/Repositories.go:72.2,73.81 2 0
pokemontrainer/business/gyms/mocks/Repositories.go:79.2,79.15 1 0
pokemontrainer/business/gyms/mocks/Repositories.go:66.87,68.3 1 0
pokemontrainer/business/gyms/mocks/Repositories.go:68.8,70.3 1 0
pokemontrainer/business/gyms/mocks/Repositories.go:73.81,75.3 1 0
pokemontrainer/business/gyms/mocks/Repositories.go:75.8,77.3 1 0
pokemontrainer/business/pokeballs/useCase.go:15.90,20.2 1 1
pokemontrainer/business/pokeballs/useCase.go:23.116,24.21 1 1
pokemontrainer/business/pokeballs/useCase.go:27.2,28.16 2 1
pokemontrainer/business/pokeballs/useCase.go:31.2,31.20 1 1
pokemontrainer/business/pokeballs/useCase.go:24.21,26.3 1 1
pokemontrainer/business/pokeballs/useCase.go:28.16,30.3 1 0
pokemontrainer/business/gyms/useCase.go:15.81,20.2 1 0
pokemontrainer/business/gyms/useCase.go:23.94,24.33 1 0
pokemontrainer/business/gyms/useCase.go:27.2,29.16 2 0
pokemontrainer/business/gyms/useCase.go:32.2,32.17 1 0
pokemontrainer/business/gyms/useCase.go:24.33,26.3 1 0
pokemontrainer/business/gyms/useCase.go:29.16,31.3 1 0
pokemontrainer/business/gyms/useCase.go:36.108,37.33 1 0
pokemontrainer/business/gyms/useCase.go:40.2,40.16 1 0
pokemontrainer/business/gyms/useCase.go:44.2,46.16 2 0
pokemontrainer/business/gyms/useCase.go:50.2,50.17 1 0
pokemontrainer/business/gyms/useCase.go:37.33,39.3 1 0
pokemontrainer/business/gyms/useCase.go:40.16,42.3 1 0
pokemontrainer/business/gyms/useCase.go:46.16,48.3 1 0
pokemontrainer/business/gyms/useCase.go:54.75,56.16 2 0
pokemontrainer/business/gyms/useCase.go:60.2,60.18 1 0
pokemontrainer/business/gyms/useCase.go:56.16,58.3 1 0
pokemontrainer/helpers/databases/mongodb.go:23.60,35.16 5 0
pokemontrainer/helpers/databases/mongodb.go:40.2,40.61 1 0
pokemontrainer/helpers/databases/mongodb.go:43.2,45.11 3 0
pokemontrainer/helpers/databases/mongodb.go:35.16,36.13 1 0
pokemontrainer/helpers/databases/mongodb.go:40.61,41.13 1 0
pokemontrainer/controllers/gyms/responses/json.go:19.52,28.2 1 0
pokemontrainer/controllers/gyms/responses/json.go:31.62,33.31 2 0
pokemontrainer/controllers/gyms/responses/json.go:36.2,36.21 1 0
pokemontrainer/controllers/gyms/responses/json.go:33.31,35.3 1 0
pokemontrainer/controllers/trainers/requests/json.go:42.54,47.2 1 0
pokemontrainer/controllers/trainers/requests/json.go:50.57,57.2 1 0
pokemontrainer/drivers/thirdParties/pokeapi/response.go:17.52,22.2 1 0
pokemontrainer/business/pokeballs/mocks/Repositories.go:18.118,22.88 3 1
pokemontrainer/business/pokeballs/mocks/Repositories.go:28.2,29.77 2 1
pokemontrainer/business/pokeballs/mocks/Repositories.go:35.2,35.15 1 1
pokemontrainer/business/pokeballs/mocks/Repositories.go:22.88,24.3 1 0
pokemontrainer/business/pokeballs/mocks/Repositories.go:24.8,26.3 1 1
pokemontrainer/business/pokeballs/mocks/Repositories.go:29.77,31.3 1 0
pokemontrainer/business/pokeballs/mocks/Repositories.go:31.8,33.3 1 1
pokemontrainer/helpers/middlewares/jwt.go:12.52,24.2 5 0
pokemontrainer/helpers/middlewares/jwt.go:27.25,30.2 2 0
pokemontrainer/business/trainers/useCase.go:20.110,26.2 1 0
pokemontrainer/business/trainers/useCase.go:29.120,32.16 2 0
pokemontrainer/business/trainers/useCase.go:35.2,35.20 1 0
pokemontrainer/business/trainers/useCase.go:32.16,34.3 1 0
pokemontrainer/business/trainers/useCase.go:39.108,41.16 2 0
pokemontrainer/business/trainers/useCase.go:44.2,44.20 1 0
pokemontrainer/business/trainers/useCase.go:41.16,43.3 1 0
pokemontrainer/business/trainers/useCase.go:48.83,51.16 2 0
pokemontrainer/business/trainers/useCase.go:54.2,54.20 1 0
pokemontrainer/business/trainers/useCase.go:51.16,53.3 1 0
pokemontrainer/business/trainers/useCase.go:58.98,60.16 2 0
pokemontrainer/business/trainers/useCase.go:63.2,63.20 1 0
pokemontrainer/business/trainers/useCase.go:60.16,62.3 1 0
pokemontrainer/business/trainers/useCase.go:67.102,69.16 2 0
pokemontrainer/business/trainers/useCase.go:73.2,74.16 2 0
pokemontrainer/business/trainers/useCase.go:78.2,80.16 2 0
pokemontrainer/business/trainers/useCase.go:84.2,84.20 1 0
pokemontrainer/business/trainers/useCase.go:69.16,71.3 1 0
pokemontrainer/business/trainers/useCase.go:74.16,76.3 1 0
pokemontrainer/business/trainers/useCase.go:80.16,82.3 1 0
pokemontrainer/business/trainers/useCase.go:88.101,90.16 2 0
pokemontrainer/business/trainers/useCase.go:93.2,93.20 1 0
pokemontrainer/business/trainers/useCase.go:90.16,92.3 1 0
pokemontrainer/business/trainers/useCase.go:97.140,99.16 2 0
pokemontrainer/business/trainers/useCase.go:103.2,103.20 1 0
pokemontrainer/business/trainers/useCase.go:99.16,101.3 1 0
pokemontrainer/controllers/pokeballs/responses/json.go:20.55,28.2 1 0
pokemontrainer/controllers/pokeballs/http.go:19.73,26.2 3 0
pokemontrainer/controllers/pokeballs/http.go:29.73,31.41 2 0
pokemontrainer/controllers/pokeballs/http.go:34.2,35.16 2 0
pokemontrainer/controllers/pokeballs/http.go:38.2,38.70 1 0
pokemontrainer/controllers/pokeballs/http.go:31.41,33.3 1 0
pokemontrainer/controllers/pokeballs/http.go:35.16,37.3 1 0
pokemontrainer/drivers/databases/pokeballs/record.go:21.52,30.2 1 0
pokemontrainer/drivers/databases/trainers/mongodb.go:24.83,28.2 1 0
pokemontrainer/drivers/databases/trainers/mongodb.go:31.110,92.22 7 0
pokemontrainer/drivers/databases/trainers/mongodb.go:96.2,96.44 1 0
pokemontrainer/drivers/databases/trainers/mongodb.go:92.22,94.3 1 0
pokemontrainer/drivers/databases/gyms/mysql.go:16.64,20.2 1 0
pokemontrainer/drivers/databases/gyms/mysql.go:23.104,29.25 3 0
pokemontrainer/drivers/databases/gyms/mysql.go:32.2,32.34 1 0
pokemontrainer/drivers/databases/gyms/mysql.go:29.25,31.3 1 0
pokemontrainer/drivers/databases/gyms/mysql.go:36.118,43.25 3 0
pokemontrainer/drivers/databases/gyms/mysql.go:46.2,46.37 1 0
pokemontrainer/drivers/databases/gyms/mysql.go:43.25,45.3 1 0
pokemontrainer/drivers/databases/gyms/mysql.go:50.85,53.25 3 0
pokemontrainer/drivers/databases/gyms/mysql.go:56.2,56.42 1 0
pokemontrainer/drivers/databases/gyms/mysql.go:53.25,55.3 1 0
pokemontrainer/helpers/databases/mongodb.go:23.60,35.16 5 0
pokemontrainer/helpers/databases/mongodb.go:40.2,40.61 1 0
pokemontrainer/helpers/databases/mongodb.go:43.2,45.11 3 0
pokemontrainer/helpers/databases/mongodb.go:35.16,36.13 1 0
pokemontrainer/helpers/databases/mongodb.go:40.61,41.13 1 0
pokemontrainer/business/pokeballs/useCase.go:15.90,20.2 1 0
pokemontrainer/business/pokeballs/useCase.go:23.116,24.21 1 0
pokemontrainer/business/pokeballs/useCase.go:27.2,28.16 2 0
pokemontrainer/business/pokeballs/useCase.go:31.2,31.20 1 0
pokemontrainer/business/pokeballs/useCase.go:24.21,26.3 1 0
pokemontrainer/business/pokeballs/useCase.go:28.16,30.3 1 0
pokemontrainer/helpers/databases/mysql.go:32.37,38.16 3 0
pokemontrainer/helpers/databases/mysql.go:41.2,43.11 2 0
pokemontrainer/helpers/databases/mysql.go:38.16,39.41 1 0
pokemontrainer/helpers/databases/mysql.go:47.27,49.16 2 0
pokemontrainer/helpers/databases/mysql.go:53.2,54.16 2 0
pokemontrainer/helpers/databases/mysql.go:59.2,60.16 2 0
pokemontrainer/helpers/databases/mysql.go:63.2,68.3 1 0
pokemontrainer/helpers/databases/mysql.go:49.16,51.13 1 0
pokemontrainer/helpers/databases/mysql.go:54.16,56.13 1 0
pokemontrainer/helpers/databases/mysql.go:60.16,61.13 1 0
pokemontrainer/business/pokeballs/mocks/UseCases.go:18.114,22.88 3 0
pokemontrainer/business/pokeballs/mocks/UseCases.go:28.2,29.77 2 0
pokemontrainer/business/pokeballs/mocks/UseCases.go:35.2,35.15 1 0
pokemontrainer/business/pokeballs/mocks/UseCases.go:22.88,24.3 1 0
pokemontrainer/business/pokeballs/mocks/UseCases.go:24.8,26.3 1 0
pokemontrainer/business/pokeballs/mocks/UseCases.go:29.77,31.3 1 0
pokemontrainer/business/pokeballs/mocks/UseCases.go:31.8,33.3 1 0
pokemontrainer/business/trainers/useCase.go:20.110,26.2 1 0
pokemontrainer/business/trainers/useCase.go:29.120,32.16 2 0
pokemontrainer/business/trainers/useCase.go:35.2,35.20 1 0
pokemontrainer/business/trainers/useCase.go:32.16,34.3 1 0
pokemontrainer/business/trainers/useCase.go:39.108,41.16 2 0
pokemontrainer/business/trainers/useCase.go:44.2,44.20 1 0
pokemontrainer/business/trainers/useCase.go:41.16,43.3 1 0
pokemontrainer/business/trainers/useCase.go:48.83,51.16 2 0
pokemontrainer/business/trainers/useCase.go:54.2,54.20 1 0
pokemontrainer/business/trainers/useCase.go:51.16,53.3 1 0
pokemontrainer/business/trainers/useCase.go:58.98,60.16 2 0
pokemontrainer/business/trainers/useCase.go:63.2,63.20 1 0
pokemontrainer/business/trainers/useCase.go:60.16,62.3 1 0
pokemontrainer/business/trainers/useCase.go:67.102,69.16 2 0
pokemontrainer/business/trainers/useCase.go:73.2,74.16 2 0
pokemontrainer/business/trainers/useCase.go:78.2,80.16 2 0
pokemontrainer/business/trainers/useCase.go:84.2,84.20 1 0
pokemontrainer/business/trainers/useCase.go:69.16,71.3 1 0
pokemontrainer/business/trainers/useCase.go:74.16,76.3 1 0
pokemontrainer/business/trainers/useCase.go:80.16,82.3 1 0
pokemontrainer/business/trainers/useCase.go:88.101,90.16 2 0
pokemontrainer/business/trainers/useCase.go:93.2,93.20 1 0
pokemontrainer/business/trainers/useCase.go:90.16,92.3 1 0
pokemontrainer/business/trainers/useCase.go:97.140,99.16 2 0
pokemontrainer/business/trainers/useCase.go:103.2,103.20 1 0
pokemontrainer/business/trainers/useCase.go:99.16,101.3 1 0
pokemontrainer/controllers/base_controllers.go:20.66,27.2 5 0
pokemontrainer/controllers/base_controllers.go:30.68,37.2 5 0
pokemontrainer/controllers/gyms/http.go:20.58,29.2 5 0
pokemontrainer/controllers/gyms/http.go:32.63,34.44 2 0
pokemontrainer/controllers/gyms/http.go:38.2,40.16 2 0
pokemontrainer/controllers/gyms/http.go:43.2,43.69 1 0
pokemontrainer/controllers/gyms/http.go:34.44,36.3 1 0
pokemontrainer/controllers/gyms/http.go:40.16,42.3 1 0
pokemontrainer/controllers/gyms/http.go:47.66,51.20 3 0
pokemontrainer/controllers/gyms/http.go:55.2,55.47 1 0
pokemontrainer/controllers/gyms/http.go:59.2,61.16 2 0
pokemontrainer/controllers/gyms/http.go:64.2,64.69 1 0
pokemontrainer/controllers/gyms/http.go:51.20,53.3 1 0
pokemontrainer/controllers/gyms/http.go:55.47,57.3 1 0
pokemontrainer/controllers/gyms/http.go:61.16,63.3 1 0
pokemontrainer/controllers/gyms/http.go:68.64,71.16 2 0
pokemontrainer/controllers/gyms/http.go:74.2,74.74 1 0
pokemontrainer/controllers/gyms/http.go:71.16,73.3 1 0
pokemontrainer/drivers/databases/pokeballs/mysql.go:16.71,20.2 1 0
pokemontrainer/drivers/databases/pokeballs/mysql.go:23.131,30.25 3 0
pokemontrainer/drivers/databases/pokeballs/mysql.go:33.2,33.37 1 0
pokemontrainer/drivers/databases/pokeballs/mysql.go:30.25,32.3 1 0
pokemontrainer/drivers/databases/trainers/record.go:68.48,79.2 1 0
pokemontrainer/drivers/databases/trainers/record.go:81.51,92.2 1 0
pokemontrainer/drivers/databases/trainers/record.go:95.61,97.32 2 0
pokemontrainer/drivers/databases/trainers/record.go:100.2,100.29 1 0
pokemontrainer/drivers/databases/trainers/record.go:97.32,99.3 1 0
pokemontrainer/business/gyms/mocks/Repositories.go:18.103,22.82 3 1
pokemontrainer/business/gyms/mocks/Repositories.go:28.2,29.76 2 1
pokemontrainer/business/gyms/mocks/Repositories.go:35.2,35.15 1 1
pokemontrainer/business/gyms/mocks/Repositories.go:22.82,24.3 1 0
pokemontrainer/business/gyms/mocks/Repositories.go:24.8,26.3 1 1
pokemontrainer/business/gyms/mocks/Repositories.go:29.76,31.3 1 0
pokemontrainer/business/gyms/mocks/Repositories.go:31.8,33.3 1 1
pokemontrainer/business/gyms/mocks/Repositories.go:39.77,43.68 3 1
pokemontrainer/business/gyms/mocks/Repositories.go:51.2,52.60 2 1
pokemontrainer/business/gyms/mocks/Repositories.go:58.2,58.15 1 1
pokemontrainer/business/gyms/mocks/Repositories.go:43.68,45.3 1 0
pokemontrainer/business/gyms/mocks/Repositories.go:45.8,46.24 1 1
pokemontrainer/business/gyms/mocks/Repositories.go:46.24,48.4 1 1
pokemontrainer/business/gyms/mocks/Repositories.go:52.60,54.3 1 0
pokemontrainer/business/gyms/mocks/Repositories.go:54.8,56.3 1 1
pokemontrainer/business/gyms/mocks/Repositories.go:62.117,66.87 3 1
pokemontrainer/business/gyms/mocks/Repositories.go:72.2,73.81 2 1
pokemontrainer/business/gyms/mocks/Repositories.go:79.2,79.15 1 1
pokemontrainer/business/gyms/mocks/Repositories.go:66.87,68.3 1 0
pokemontrainer/business/gyms/mocks/Repositories.go:68.8,70.3 1 1
pokemontrainer/business/gyms/mocks/Repositories.go:73.81,75.3 1 0
pokemontrainer/business/gyms/mocks/Repositories.go:75.8,77.3 1 1
pokemontrainer/controllers/pokeballs/http.go:19.73,26.2 3 0
pokemontrainer/controllers/pokeballs/http.go:29.73,31.41 2 0
pokemontrainer/controllers/pokeballs/http.go:34.2,35.16 2 0
pokemontrainer/controllers/pokeballs/http.go:38.2,38.70 1 0
pokemontrainer/controllers/pokeballs/http.go:31.41,33.3 1 0
pokemontrainer/controllers/pokeballs/http.go:35.16,37.3 1 0
pokemontrainer/drivers/thirdParties/pokeapi/response.go:17.52,22.2 1 0
pokemontrainer/drivers/thirdParties/pokeapi/thirdParty.go:17.99,22.16 3 0
pokemontrainer/drivers/thirdParties/pokeapi/thirdParty.go:26.2,30.16 4 0
pokemontrainer/drivers/thirdParties/pokeapi/thirdParty.go:34.2,34.31 1 0
pokemontrainer/drivers/thirdParties/pokeapi/thirdParty.go:22.16,24.3 1 0
pokemontrainer/drivers/thirdParties/pokeapi/thirdParty.go:30.16,32.3 1 0
pokemontrainer/drivers/databases/trainers/mongodb.go:24.83,28.2 1 0
pokemontrainer/drivers/databases/trainers/mongodb.go:31.110,92.22 7 0
pokemontrainer/drivers/databases/trainers/mongodb.go:96.2,96.44 1 0
pokemontrainer/drivers/databases/trainers/mongodb.go:92.22,94.3 1 0
pokemontrainer/drivers/databases/trainers/mysql.go:20.67,24.2 1 0
pokemontrainer/drivers/databases/trainers/mysql.go:27.134,35.25 3 0
pokemontrainer/drivers/databases/trainers/mysql.go:38.2,38.40 1 0
pokemontrainer/drivers/databases/trainers/mysql.go:35.25,37.3 1 0
pokemontrainer/drivers/databases/trainers/mysql.go:42.120,46.25 3 0
pokemontrainer/drivers/databases/trainers/mysql.go:49.2,56.25 3 0
pokemontrainer/drivers/databases/trainers/mysql.go:59.2,59.56 1 0
pokemontrainer/drivers/databases/trainers/mysql.go:46.25,48.3 1 0
pokemontrainer/drivers/databases/trainers/mysql.go:56.25,58.3 1 0
pokemontrainer/drivers/databases/trainers/mysql.go:63.97,68.25 3 0
pokemontrainer/drivers/databases/trainers/mysql.go:72.2,72.47 1 0
pokemontrainer/drivers/databases/trainers/mysql.go:68.25,70.3 1 0
pokemontrainer/drivers/databases/trainers/mysql.go:76.115,81.16 3 0
pokemontrainer/drivers/databases/trainers/mysql.go:85.2,93.31 5 0
pokemontrainer/drivers/databases/trainers/mysql.go:81.16,83.3 1 0
pokemontrainer/drivers/databases/trainers/mysql.go:97.105,103.25 3 0
pokemontrainer/drivers/databases/trainers/mysql.go:106.2,107.28 2 0
pokemontrainer/drivers/databases/trainers/mysql.go:103.25,105.3 1 0
pokemontrainer/drivers/databases/trainers/mysql.go:111.116,114.25 3 0
pokemontrainer/drivers/databases/trainers/mysql.go:117.2,117.37 1 0
pokemontrainer/drivers/databases/trainers/mysql.go:114.25,116.3 1 0
pokemontrainer/drivers/databases/trainers/mysql.go:121.154,130.25 3 0
pokemontrainer/drivers/databases/trainers/mysql.go:134.2,134.42 1 0
pokemontrainer/drivers/databases/trainers/mysql.go:130.25,132.3 1 0
pokemontrainer/controllers/gyms/responses/json.go:19.52,28.2 1 0
pokemontrainer/controllers/gyms/responses/json.go:31.62,33.31 2 0
pokemontrainer/controllers/gyms/responses/json.go:36.2,36.21 1 0
pokemontrainer/controllers/gyms/responses/json.go:33.31,35.3 1 0
pokemontrainer/drivers/databases/pokeballs/record.go:21.52,30.2 1 0
pokemontrainer/app/main.go:24.26,28.16 3 0
pokemontrainer/app/main.go:28.16,29.13 1 0
pokemontrainer/app/main.go:34.13,78.16 21 0
pokemontrainer/app/main.go:78.16,79.13 1 0
pokemontrainer/business/gyms/mocks/UseCases.go:18.99,22.82 3 0
pokemontrainer/business/gyms/mocks/UseCases.go:28.2,29.76 2 0
pokemontrainer/business/gyms/mocks/UseCases.go:35.2,35.15 1 0
pokemontrainer/business/gyms/mocks/UseCases.go:22.82,24.3 1 0
pokemontrainer/business/gyms/mocks/UseCases.go:24.8,26.3 1 0
pokemontrainer/business/gyms/mocks/UseCases.go:29.76,31.3 1 0
pokemontrainer/business/gyms/mocks/UseCases.go:31.8,33.3 1 0
pokemontrainer/business/gyms/mocks/UseCases.go:39.73,43.68 3 0
pokemontrainer/business/gyms/mocks/UseCases.go:51.2,52.60 2 0
pokemontrainer/business/gyms/mocks/UseCases.go:58.2,58.15 1 0
pokemontrainer/business/gyms/mocks/UseCases.go:43.68,45.3 1 0
pokemontrainer/business/gyms/mocks/UseCases.go:45.8,46.24 1 0
pokemontrainer/business/gyms/mocks/UseCases.go:46.24,48.4 1 0
pokemontrainer/business/gyms/mocks/UseCases.go:52.60,54.3 1 0
pokemontrainer/business/gyms/mocks/UseCases.go:54.8,56.3 1 0
pokemontrainer/business/gyms/mocks/UseCases.go:62.113,66.87 3 0
pokemontrainer/business/gyms/mocks/UseCases.go:72.2,73.81 2 0
pokemontrainer/business/gyms/mocks/UseCases.go:79.2,79.15 1 0
pokemontrainer/business/gyms/mocks/UseCases.go:66.87,68.3 1 0
pokemontrainer/business/gyms/mocks/UseCases.go:68.8,70.3 1 0
pokemontrainer/business/gyms/mocks/UseCases.go:73.81,75.3 1 0
pokemontrainer/business/gyms/mocks/UseCases.go:75.8,77.3 1 0
pokemontrainer/helpers/middlewares/jwt.go:12.52,24.2 5 0
pokemontrainer/helpers/middlewares/jwt.go:27.25,30.2 2 0
pokemontrainer/controllers/pokeballs/responses/json.go:20.55,28.2 1 0
pokemontrainer/controllers/trainers/http.go:26.69,39.2 9 0
pokemontrainer/controllers/trainers/http.go:42.66,44.43 2 0
pokemontrainer/controllers/trainers/http.go:48.2,50.16 2 0
pokemontrainer/controllers/trainers/http.go:54.2,54.51 1 0
pokemontrainer/controllers/trainers/http.go:44.43,46.3 1 0
pokemontrainer/controllers/trainers/http.go:50.16,52.3 1 0
pokemontrainer/controllers/trainers/http.go:58.69,60.46 2 0
pokemontrainer/controllers/trainers/http.go:64.2,71.16 2 0
pokemontrainer/controllers/trainers/http.go:75.2,78.16 3 0
pokemontrainer/controllers/trainers/http.go:82.2,82.121 1 0
pokemontrainer/controllers/trainers/http.go:60.46,62.3 1 0
pokemontrainer/controllers/trainers/http.go:71.16,73.3 1 0
pokemontrainer/controllers/trainers/http.go:78.16,80.3 1 0
pokemontrainer/controllers/trainers/http.go:86.72,89.16 2 0
pokemontrainer/controllers/trainers/http.go:92.2,92.79 1 0
pokemontrainer/controllers/trainers/http.go:89.16,91.3 1 0
pokemontrainer/controllers/trainers/http.go:96.73,98.43 2 0
pokemontrainer/controllers/trainers/http.go:102.2,106.16 5 0
pokemontrainer/controllers/trainers/http.go:109.2,109.51 1 0
pokemontrainer/controllers/trainers/http.go:98.43,100.3 1 0
pokemontrainer/controllers/trainers/http.go:106.16,108.3 1 0
pokemontrainer/controllers/trainers/http.go:113.74,116.51 3 0
pokemontrainer/controllers/trainers/http.go:120.2,127.16 2 0
pokemontrainer/controllers/trainers/http.go:131.2,131.72 1 0
pokemontrainer/controllers/trainers/http.go:116.51,118.3 1 0
pokemontrainer/controllers/trainers/http.go:127.16,129.3 1 0
pokemontrainer/controllers/trainers/http.go:135.79,137.49 2 0
pokemontrainer/controllers/trainers/http.go:140.2,142.16 2 0
pokemontrainer/controllers/trainers/http.go:145.2,145.75 1 0
pokemontrainer/controllers/trainers/http.go:137.49,139.3 1 0
pokemontrainer/controllers/trainers/http.go:142.16,144.3 1 0
pokemontrainer/drivers/databases/gyms/record.go:21.41,30.2 1 0
pokemontrainer/drivers/databases/gyms/record.go:33.45,42.2 1 0
pokemontrainer/drivers/databases/gyms/record.go:45.50,47.29 2 0
pokemontrainer/drivers/databases/gyms/record.go:50.2,50.22 1 0
pokemontrainer/drivers/databases/gyms/record.go:47.29,49.3 1 0
pokemontrainer/business/pokeballs/mocks/Repositories.go:18.118,22.88 3 0
pokemontrainer/business/pokeballs/mocks/Repositories.go:28.2,29.77 2 0
pokemontrainer/business/pokeballs/mocks/Repositories.go:35.2,35.15 1 0
pokemontrainer/business/pokeballs/mocks/Repositories.go:22.88,24.3 1 0
pokemontrainer/business/pokeballs/mocks/Repositories.go:24.8,26.3 1 0
pokemontrainer/business/pokeballs/mocks/Repositories.go:29.77,31.3 1 0
pokemontrainer/business/pokeballs/mocks/Repositories.go:31.8,33.3 1 0
pokemontrainer/controllers/trainers/requests/json.go:42.54,47.2 1 0
pokemontrainer/controllers/trainers/requests/json.go:50.57,57.2 1 0
pokemontrainer/controllers/trainers/responses/json.go:33.57,44.2 1 0
pokemontrainer/controllers/trainers/responses/json.go:47.104,54.2 1 0
pokemontrainer/controllers/trainers/responses/json.go:57.67,59.28 2 0
pokemontrainer/controllers/trainers/responses/json.go:62.2,62.25 1 0
pokemontrainer/controllers/trainers/responses/json.go:59.28,61.3 1 0
pokemontrainer/business/gyms/useCase.go:15.81,20.2 1 1
pokemontrainer/business/gyms/useCase.go:23.94,24.33 1 1
pokemontrainer/business/gyms/useCase.go:27.2,29.16 2 1
pokemontrainer/business/gyms/useCase.go:32.2,32.17 1 1
pokemontrainer/business/gyms/useCase.go:24.33,26.3 1 1
pokemontrainer/business/gyms/useCase.go:29.16,31.3 1 0
pokemontrainer/business/gyms/useCase.go:36.108,37.33 1 1
pokemontrainer/business/gyms/useCase.go:40.2,40.16 1 1
pokemontrainer/business/gyms/useCase.go:44.2,46.16 2 1
pokemontrainer/business/gyms/useCase.go:50.2,50.17 1 1
pokemontrainer/business/gyms/useCase.go:37.33,39.3 1 1
pokemontrainer/business/gyms/useCase.go:40.16,42.3 1 0
pokemontrainer/business/gyms/useCase.go:46.16,48.3 1 0
pokemontrainer/business/gyms/useCase.go:54.75,56.16 2 1
pokemontrainer/business/gyms/useCase.go:60.2,60.18 1 1
pokemontrainer/business/gyms/useCase.go:56.16,58.3 1 0
